# JRE version: OpenJDK Runtime Environment (11.0.15) (build 11.0.15+0-b2043.56-9505619)
# Java VM: OpenJDK 64-Bit Server VM (11.0.15+0-b2043.56-9505619, mixed mode, tiered, compressed oops, g1 gc, windows-amd64)
Heap:
 garbage-first heap   total 201728K, used 108028K [0x0000000080000000, 0x0000000100000000)
  region size 1024K, 17 young (17408K), 5 survivors (5120K)
 Metaspace       used 96547K, capacity 99051K, committed 99228K, reserved 1134592K
  class space    used 12368K, capacity 13299K, committed 13336K, reserved 1048576K
GC Heap History (20 events):
Event: 26.363 GC heap before
{Heap before GC invocations=28 (full 0):
 garbage-first heap   total 139264K, used 100167K [0x0000000080000000, 0x0000000100000000)
  region size 1024K, 45 young (46080K), 6 survivors (6144K)
 Metaspace       used 70465K, capacity 72133K, committed 72476K, reserved 1112064K
  class space    used 8872K, capacity 9517K, committed 9624K, reserved 1048576K
}
Event: 26.379 GC heap after
{Heap after GC invocations=29 (full 0):
 garbage-first heap   total 139264K, used 63383K [0x0000000080000000, 0x0000000100000000)
  region size 1024K, 6 young (6144K), 6 survivors (6144K)
 Metaspace       used 70465K, capacity 72133K, committed 72476K, reserved 1112064K
  class space    used 8872K, capacity 9517K, committed 9624K, reserved 1048576K
}
Event: 27.552 GC heap before
{Heap before GC invocations=29 (full 0):
 garbage-first heap   total 139264K, used 103319K [0x0000000080000000, 0x0000000100000000)
  region size 1024K, 45 young (46080K), 6 survivors (6144K)
 Metaspace       used 75155K, capacity 76964K, committed 77084K, reserved 1116160K
  class space    used 9679K, capacity 10349K, committed 10392K, reserved 1048576K
}
Event: 27.573 GC heap after
{Heap after GC invocations=30 (full 0):
 garbage-first heap   total 139264K, used 65176K [0x0000000080000000, 0x0000000100000000)
  region size 1024K, 5 young (5120K), 5 survivors (5120K)
 Metaspace       used 75155K, capacity 76964K, committed 77084K, reserved 1116160K
  class space    used 9679K, capacity 10349K, committed 10392K, reserved 1048576K
}
Event: 28.853 GC heap before
{Heap before GC invocations=30 (full 0):
 garbage-first heap   total 139264K, used 106136K [0x0000000080000000, 0x0000000100000000)
  region size 1024K, 45 young (46080K), 5 survivors (5120K)
 Metaspace       used 78622K, capacity 80482K, committed 80796K, reserved 1120256K
  class space    used 10169K, capacity 10912K, committed 11032K, reserved 1048576K
}
Event: 28.874 GC heap after
{Heap after GC invocations=31 (full 0):
 garbage-first heap   total 139264K, used 68183K [0x0000000080000000, 0x0000000100000000)
  region size 1024K, 6 young (6144K), 6 survivors (6144K)
 Metaspace       used 78622K, capacity 80482K, committed 80796K, reserved 1120256K
  class space    used 10169K, capacity 10912K, committed 11032K, reserved 1048576K
}
Event: 29.920 GC heap before
{Heap before GC invocations=31 (full 0):
 garbage-first heap   total 139264K, used 108119K [0x0000000080000000, 0x0000000100000000)
  region size 1024K, 45 young (46080K), 6 survivors (6144K)
 Metaspace       used 83329K, capacity 85218K, committed 85532K, reserved 1124352K
  class space    used 10813K, capacity 11553K, committed 11672K, reserved 1048576K
}
Event: 29.943 GC heap after
{Heap after GC invocations=32 (full 0):
 garbage-first heap   total 167936K, used 69929K [0x0000000080000000, 0x0000000100000000)
  region size 1024K, 5 young (5120K), 5 survivors (5120K)
 Metaspace       used 83329K, capacity 85218K, committed 85532K, reserved 1124352K
  class space    used 10813K, capacity 11553K, committed 11672K, reserved 1048576K
}
Event: 31.224 GC heap before
{Heap before GC invocations=33 (full 0):
 garbage-first heap   total 167936K, used 124201K [0x0000000080000000, 0x0000000100000000)
  region size 1024K, 58 young (59392K), 5 survivors (5120K)
 Metaspace       used 85747K, capacity 87838K, committed 88220K, reserved 1126400K
  class space    used 11117K, capacity 11925K, committed 12056K, reserved 1048576K
}
Event: 31.253 GC heap after
{Heap after GC invocations=34 (full 0):
 garbage-first heap   total 167936K, used 75887K [0x0000000080000000, 0x0000000100000000)
  region size 1024K, 8 young (8192K), 8 survivors (8192K)
 Metaspace       used 85747K, capacity 87838K, committed 88220K, reserved 1126400K
  class space    used 11117K, capacity 11925K, committed 12056K, reserved 1048576K
}
Event: 32.068 GC heap before
{Heap before GC invocations=34 (full 0):
 garbage-first heap   total 167936K, used 128111K [0x0000000080000000, 0x0000000100000000)
  region size 1024K, 60 young (61440K), 8 survivors (8192K)
 Metaspace       used 86737K, capacity 88795K, committed 88988K, reserved 1126400K
  class space    used 11195K, capacity 12004K, committed 12056K, reserved 1048576K
}
Event: 32.099 GC heap after
{Heap after GC invocations=35 (full 0):
 garbage-first heap   total 167936K, used 84831K [0x0000000080000000, 0x0000000100000000)
  region size 1024K, 8 young (8192K), 8 survivors (8192K)
 Metaspace       used 86737K, capacity 88795K, committed 88988K, reserved 1126400K
  class space    used 11195K, capacity 12004K, committed 12056K, reserved 1048576K
}
Event: 33.697 GC heap before
{Heap before GC invocations=35 (full 0):
 garbage-first heap   total 167936K, used 130911K [0x0000000080000000, 0x0000000100000000)
  region size 1024K, 54 young (55296K), 8 survivors (8192K)
 Metaspace       used 89701K, capacity 92027K, committed 92316K, reserved 1128448K
  class space    used 11586K, capacity 12452K, committed 12568K, reserved 1048576K
}
Event: 33.722 GC heap after
{Heap after GC invocations=36 (full 0):
 garbage-first heap   total 167936K, used 88408K [0x0000000080000000, 0x0000000100000000)
  region size 1024K, 3 young (3072K), 3 survivors (3072K)
 Metaspace       used 89701K, capacity 92027K, committed 92316K, reserved 1128448K
  class space    used 11586K, capacity 12452K, committed 12568K, reserved 1048576K
}
Event: 36.794 GC heap before
{Heap before GC invocations=37 (full 0):
 garbage-first heap   total 167936K, used 133464K [0x0000000080000000, 0x0000000100000000)
  region size 1024K, 48 young (49152K), 3 survivors (3072K)
 Metaspace       used 90921K, capacity 93382K, committed 93724K, reserved 1130496K
  class space    used 11690K, capacity 12601K, committed 12696K, reserved 1048576K
}
Event: 36.861 GC heap after
{Heap after GC invocations=38 (full 0):
 garbage-first heap   total 201728K, used 91863K [0x0000000080000000, 0x0000000100000000)
  region size 1024K, 6 young (6144K), 6 survivors (6144K)
 Metaspace       used 90921K, capacity 93382K, committed 93724K, reserved 1130496K
  class space    used 11690K, capacity 12601K, committed 12696K, reserved 1048576K
}
Event: 38.538 GC heap before
{Heap before GC invocations=38 (full 0):
 garbage-first heap   total 201728K, used 147159K [0x0000000080000000, 0x0000000100000000)
  region size 1024K, 61 young (62464K), 6 survivors (6144K)
 Metaspace       used 94476K, capacity 96894K, committed 97052K, reserved 1132544K
  class space    used 12157K, capacity 13085K, committed 13208K, reserved 1048576K
}
Event: 38.565 GC heap after
{Heap after GC invocations=39 (full 0):
 garbage-first heap   total 201728K, used 93463K [0x0000000080000000, 0x0000000100000000)
  region size 1024K, 5 young (5120K), 5 survivors (5120K)
 Metaspace       used 94476K, capacity 96894K, committed 97052K, reserved 1132544K
  class space    used 12157K, capacity 13085K, committed 13208K, reserved 1048576K
}
Event: 39.756 GC heap before
{Heap before GC invocations=39 (full 0):
 garbage-first heap   total 201728K, used 150807K [0x0000000080000000, 0x0000000100000000)
  region size 1024K, 62 young (63488K), 5 survivors (5120K)
 Metaspace       used 96315K, capacity 98793K, committed 98972K, reserved 1134592K
  class space    used 12341K, capacity 13256K, committed 13336K, reserved 1048576K
}
Event: 39.777 GC heap after
{Heap after GC invocations=40 (full 0):
 garbage-first heap   total 201728K, used 96764K [0x0000000080000000, 0x0000000100000000)
  region size 1024K, 5 young (5120K), 5 survivors (5120K)
 Metaspace       used 96315K, capacity 98793K, committed 98972K, reserved 1134592K
  class space    used 12341K, capacity 13256K, committed 13336K, reserved 1048576K
}

