# JRE version: OpenJDK Runtime Environment (11.0.15) (build 11.0.15+0-b2043.56-9505619)
# Java VM: OpenJDK 64-Bit Server VM (11.0.15+0-b2043.56-9505619, mixed mode, tiered, compressed oops, g1 gc, windows-amd64)
Heap:
 garbage-first heap   total 201728K, used 132875K [0x0000000080000000, 0x0000000100000000)
  region size 1024K, 30 young (30720K), 7 survivors (7168K)
 Metaspace       used 122491K, capacity 126299K, committed 126588K, reserved 1159168K
  class space    used 15846K, capacity 17303K, committed 17400K, reserved 1048576K
GC Heap History (20 events):
Event: 25.743 GC heap before
{Heap before GC invocations=23 (full 0):
 garbage-first heap   total 167936K, used 129190K [0x0000000080000000, 0x0000000100000000)
  region size 1024K, 66 young (67584K), 7 survivors (7168K)
 Metaspace       used 85771K, capacity 87899K, committed 88188K, reserved 1126400K
  class space    used 11118K, capacity 11927K, committed 12024K, reserved 1048576K
}
Event: 25.790 GC heap after
{Heap after GC invocations=24 (full 0):
 garbage-first heap   total 167936K, used 75292K [0x0000000080000000, 0x0000000100000000)
  region size 1024K, 9 young (9216K), 9 survivors (9216K)
 Metaspace       used 85771K, capacity 87899K, committed 88188K, reserved 1126400K
  class space    used 11118K, capacity 11927K, committed 12024K, reserved 1048576K
}
Event: 27.393 GC heap before
{Heap before GC invocations=24 (full 0):
 garbage-first heap   total 167936K, used 130588K [0x0000000080000000, 0x0000000100000000)
  region size 1024K, 64 young (65536K), 9 survivors (9216K)
 Metaspace       used 88140K, capacity 90417K, committed 90492K, reserved 1128448K
  class space    used 11369K, capacity 12224K, committed 12280K, reserved 1048576K
}
Event: 27.432 GC heap after
{Heap after GC invocations=25 (full 0):
 garbage-first heap   total 167936K, used 83907K [0x0000000080000000, 0x0000000100000000)
  region size 1024K, 8 young (8192K), 8 survivors (8192K)
 Metaspace       used 88140K, capacity 90417K, committed 90492K, reserved 1128448K
  class space    used 11369K, capacity 12224K, committed 12280K, reserved 1048576K
}
Event: 29.327 GC heap before
{Heap before GC invocations=25 (full 0):
 garbage-first heap   total 167936K, used 133059K [0x0000000080000000, 0x0000000100000000)
  region size 1024K, 57 young (58368K), 8 survivors (8192K)
 Metaspace       used 89850K, capacity 92270K, committed 92540K, reserved 1130496K
  class space    used 11604K, capacity 12514K, committed 12536K, reserved 1048576K
}
Event: 29.353 GC heap after
{Heap after GC invocations=26 (full 0):
 garbage-first heap   total 201728K, used 88218K [0x0000000080000000, 0x0000000100000000)
  region size 1024K, 4 young (4096K), 4 survivors (4096K)
 Metaspace       used 89850K, capacity 92270K, committed 92540K, reserved 1130496K
  class space    used 11604K, capacity 12514K, committed 12536K, reserved 1048576K
}
Event: 31.428 GC heap before
{Heap before GC invocations=27 (full 0):
 garbage-first heap   total 201728K, used 147610K [0x0000000080000000, 0x0000000100000000)
  region size 1024K, 63 young (64512K), 4 survivors (4096K)
 Metaspace       used 92119K, capacity 94581K, committed 94716K, reserved 1130496K
  class space    used 11880K, capacity 12819K, committed 12920K, reserved 1048576K
}
Event: 31.446 GC heap after
{Heap after GC invocations=28 (full 0):
 garbage-first heap   total 201728K, used 91316K [0x0000000080000000, 0x0000000100000000)
  region size 1024K, 7 young (7168K), 7 survivors (7168K)
 Metaspace       used 92119K, capacity 94581K, committed 94716K, reserved 1130496K
  class space    used 11880K, capacity 12819K, committed 12920K, reserved 1048576K
}
Event: 32.424 GC heap before
{Heap before GC invocations=28 (full 0):
 garbage-first heap   total 201728K, used 152756K [0x0000000080000000, 0x0000000100000000)
  region size 1024K, 67 young (68608K), 7 survivors (7168K)
 Metaspace       used 96703K, capacity 99155K, committed 99324K, reserved 1134592K
  class space    used 12417K, capacity 13339K, committed 13432K, reserved 1048576K
}
Event: 32.446 GC heap after
{Heap after GC invocations=29 (full 0):
 garbage-first heap   total 201728K, used 94368K [0x0000000080000000, 0x0000000100000000)
  region size 1024K, 7 young (7168K), 7 survivors (7168K)
 Metaspace       used 96703K, capacity 99155K, committed 99324K, reserved 1134592K
  class space    used 12417K, capacity 13339K, committed 13432K, reserved 1048576K
}
Event: 36.321 GC heap before
{Heap before GC invocations=29 (full 0):
 garbage-first heap   total 201728K, used 156832K [0x0000000080000000, 0x0000000100000000)
  region size 1024K, 69 young (70656K), 7 survivors (7168K)
 Metaspace       used 99071K, capacity 101608K, committed 101756K, reserved 1136640K
  class space    used 12735K, capacity 13713K, committed 13816K, reserved 1048576K
}
Event: 36.344 GC heap after
{Heap after GC invocations=30 (full 0):
 garbage-first heap   total 201728K, used 97214K [0x0000000080000000, 0x0000000100000000)
  region size 1024K, 6 young (6144K), 6 survivors (6144K)
 Metaspace       used 99071K, capacity 101608K, committed 101756K, reserved 1136640K
  class space    used 12735K, capacity 13713K, committed 13816K, reserved 1048576K
}
Event: 56.738 GC heap before
{Heap before GC invocations=30 (full 0):
 garbage-first heap   total 201728K, used 160702K [0x0000000080000000, 0x0000000100000000)
  region size 1024K, 69 young (70656K), 6 survivors (6144K)
 Metaspace       used 103850K, capacity 106908K, committed 107132K, reserved 1142784K
  class space    used 13425K, capacity 14549K, committed 14584K, reserved 1048576K
}
Event: 56.776 GC heap after
{Heap after GC invocations=31 (full 0):
 garbage-first heap   total 201728K, used 103315K [0x0000000080000000, 0x0000000100000000)
  region size 1024K, 9 young (9216K), 9 survivors (9216K)
 Metaspace       used 103850K, capacity 106908K, committed 107132K, reserved 1142784K
  class space    used 13425K, capacity 14549K, committed 14584K, reserved 1048576K
}
Event: 59.473 GC heap before
{Heap before GC invocations=32 (full 0):
 garbage-first heap   total 201728K, used 162707K [0x0000000080000000, 0x0000000100000000)
  region size 1024K, 68 young (69632K), 9 survivors (9216K)
 Metaspace       used 114911K, capacity 118564K, committed 118908K, reserved 1150976K
  class space    used 15098K, capacity 16487K, committed 16632K, reserved 1048576K
}
Event: 59.500 GC heap after
{Heap after GC invocations=33 (full 0):
 garbage-first heap   total 201728K, used 105363K [0x0000000080000000, 0x0000000100000000)
  region size 1024K, 3 young (3072K), 3 survivors (3072K)
 Metaspace       used 114911K, capacity 118564K, committed 118908K, reserved 1150976K
  class space    used 15098K, capacity 16487K, committed 16632K, reserved 1048576K
}
Event: 61.187 GC heap before
{Heap before GC invocations=33 (full 0):
 garbage-first heap   total 201728K, used 130963K [0x0000000080000000, 0x0000000100000000)
  region size 1024K, 30 young (30720K), 3 survivors (3072K)
 Metaspace       used 117692K, capacity 121391K, committed 121596K, reserved 1155072K
  class space    used 15471K, capacity 16926K, committed 17016K, reserved 1048576K
}
Event: 61.202 GC heap after
{Heap after GC invocations=34 (full 0):
 garbage-first heap   total 201728K, used 106972K [0x0000000080000000, 0x0000000100000000)
  region size 1024K, 5 young (5120K), 5 survivors (5120K)
 Metaspace       used 117692K, capacity 121391K, committed 121596K, reserved 1155072K
  class space    used 15471K, capacity 16926K, committed 17016K, reserved 1048576K
}
Event: 150.177 GC heap before
{Heap before GC invocations=35 (full 0):
 garbage-first heap   total 201728K, used 169436K [0x0000000080000000, 0x0000000100000000)
  region size 1024K, 58 young (59392K), 5 survivors (5120K)
 Metaspace       used 122130K, capacity 125956K, committed 126076K, reserved 1159168K
  class space    used 15837K, capacity 17287K, committed 17400K, reserved 1048576K
}
Event: 150.204 GC heap after
{Heap after GC invocations=36 (full 0):
 garbage-first heap   total 201728K, used 110347K [0x0000000080000000, 0x0000000100000000)
  region size 1024K, 7 young (7168K), 7 survivors (7168K)
 Metaspace       used 122130K, capacity 125956K, committed 126076K, reserved 1159168K
  class space    used 15837K, capacity 17287K, committed 17400K, reserved 1048576K
}

