# JRE version: OpenJDK Runtime Environment (11.0.15) (build 11.0.15+0-b2043.56-9505619)
# Java VM: OpenJDK 64-Bit Server VM (11.0.15+0-b2043.56-9505619, mixed mode, tiered, compressed oops, g1 gc, windows-amd64)
Heap:
 garbage-first heap   total 96256K, used 51705K [0x0000000080000000, 0x0000000100000000)
  region size 1024K, 37 young (37888K), 2 survivors (2048K)
 Metaspace       used 24414K, capacity 24980K, committed 25008K, reserved 1071104K
  class space    used 3112K, capacity 3318K, committed 3328K, reserved 1048576K
GC Heap History (12 events):
Event: 1.565 GC heap before
{Heap before GC invocations=0 (full 0):
 garbage-first heap   total 96256K, used 16384K [0x0000000080000000, 0x0000000100000000)
  region size 1024K, 14 young (14336K), 0 survivors (0K)
 Metaspace       used 6757K, capacity 6993K, committed 7168K, reserved 1056768K
  class space    used 571K, capacity 650K, committed 768K, reserved 1048576K
}
Event: 1.574 GC heap after
{Heap after GC invocations=1 (full 0):
 garbage-first heap   total 96256K, used 3880K [0x0000000080000000, 0x0000000100000000)
  region size 1024K, 2 young (2048K), 2 survivors (2048K)
 Metaspace       used 6757K, capacity 6993K, committed 7168K, reserved 1056768K
  class space    used 571K, capacity 650K, committed 768K, reserved 1048576K
}
Event: 2.430 GC heap before
{Heap before GC invocations=1 (full 0):
 garbage-first heap   total 96256K, used 18216K [0x0000000080000000, 0x0000000100000000)
  region size 1024K, 13 young (13312K), 2 survivors (2048K)
 Metaspace       used 10205K, capacity 10401K, committed 10624K, reserved 1058816K
  class space    used 1046K, capacity 1108K, committed 1152K, reserved 1048576K
}
Event: 2.439 GC heap after
{Heap after GC invocations=2 (full 0):
 garbage-first heap   total 96256K, used 9410K [0x0000000080000000, 0x0000000100000000)
  region size 1024K, 2 young (2048K), 2 survivors (2048K)
 Metaspace       used 10205K, capacity 10401K, committed 10624K, reserved 1058816K
  class space    used 1046K, capacity 1108K, committed 1152K, reserved 1048576K
}
Event: 4.211 GC heap before
{Heap before GC invocations=2 (full 0):
 garbage-first heap   total 96256K, used 32962K [0x0000000080000000, 0x0000000100000000)
  region size 1024K, 25 young (25600K), 2 survivors (2048K)
 Metaspace       used 11263K, capacity 11454K, committed 11520K, reserved 1058816K
  class space    used 1155K, capacity 1246K, committed 1280K, reserved 1048576K
}
Event: 4.218 GC heap after
{Heap after GC invocations=3 (full 0):
 garbage-first heap   total 96256K, used 9985K [0x0000000080000000, 0x0000000100000000)
  region size 1024K, 3 young (3072K), 3 survivors (3072K)
 Metaspace       used 11263K, capacity 11454K, committed 11520K, reserved 1058816K
  class space    used 1155K, capacity 1246K, committed 1280K, reserved 1048576K
}
Event: 7.494 GC heap before
{Heap before GC invocations=3 (full 0):
 garbage-first heap   total 96256K, used 44801K [0x0000000080000000, 0x0000000100000000)
  region size 1024K, 37 young (37888K), 3 survivors (3072K)
 Metaspace       used 16653K, capacity 17046K, committed 17152K, reserved 1064960K
  class space    used 1888K, capacity 2004K, committed 2048K, reserved 1048576K
}
Event: 7.514 GC heap after
{Heap after GC invocations=4 (full 0):
 garbage-first heap   total 96256K, used 16037K [0x0000000080000000, 0x0000000100000000)
  region size 1024K, 5 young (5120K), 5 survivors (5120K)
 Metaspace       used 16653K, capacity 17046K, committed 17152K, reserved 1064960K
  class space    used 1888K, capacity 2004K, committed 2048K, reserved 1048576K
}
Event: 8.610 GC heap before
{Heap before GC invocations=4 (full 0):
 garbage-first heap   total 96256K, used 52901K [0x0000000080000000, 0x0000000100000000)
  region size 1024K, 41 young (41984K), 5 survivors (5120K)
 Metaspace       used 20828K, capacity 21191K, committed 21296K, reserved 1069056K
  class space    used 2526K, capacity 2685K, committed 2688K, reserved 1048576K
}
Event: 8.620 GC heap after
{Heap after GC invocations=5 (full 0):
 garbage-first heap   total 96256K, used 16942K [0x0000000080000000, 0x0000000100000000)
  region size 1024K, 2 young (2048K), 2 survivors (2048K)
 Metaspace       used 20828K, capacity 21191K, committed 21296K, reserved 1069056K
  class space    used 2526K, capacity 2685K, committed 2688K, reserved 1048576K
}
Event: 8.625 GC heap before
{Heap before GC invocations=5 (full 0):
 garbage-first heap   total 96256K, used 16942K [0x0000000080000000, 0x0000000100000000)
  region size 1024K, 3 young (3072K), 2 survivors (2048K)
 Metaspace       used 20839K, capacity 21197K, committed 21296K, reserved 1069056K
  class space    used 2528K, capacity 2687K, committed 2688K, reserved 1048576K
}
Event: 8.632 GC heap after
{Heap after GC invocations=6 (full 0):
 garbage-first heap   total 96256K, used 16889K [0x0000000080000000, 0x0000000100000000)
  region size 1024K, 2 young (2048K), 2 survivors (2048K)
 Metaspace       used 20839K, capacity 21197K, committed 21296K, reserved 1069056K
  class space    used 2528K, capacity 2687K, committed 2688K, reserved 1048576K
}

