# JRE version: OpenJDK Runtime Environment (11.0.15) (build 11.0.15+0-b2043.56-9505619)
# Java VM: OpenJDK 64-Bit Server VM (11.0.15+0-b2043.56-9505619, mixed mode, tiered, compressed oops, g1 gc, windows-amd64)
Heap:
 garbage-first heap   total 267264K, used 222026K [0x0000000080000000, 0x0000000100000000)
  region size 1024K, 13 young (13312K), 2 survivors (2048K)
 Metaspace       used 115693K, capacity 118827K, committed 119164K, reserved 1153024K
  class space    used 14780K, capacity 15953K, committed 16096K, reserved 1048576K
GC Heap History (20 events):
Event: 193.453 GC heap after
{Heap after GC invocations=36 (full 0):
 garbage-first heap   total 218112K, used 163310K [0x0000000080000000, 0x0000000100000000)
  region size 1024K, 4 young (4096K), 4 survivors (4096K)
 Metaspace       used 113325K, capacity 116418K, committed 116476K, reserved 1150976K
  class space    used 14323K, capacity 15452K, committed 15456K, reserved 1048576K
}
Event: 193.918 GC heap before
{Heap before GC invocations=36 (full 0):
 garbage-first heap   total 218112K, used 184814K [0x0000000080000000, 0x0000000100000000)
  region size 1024K, 23 young (23552K), 4 survivors (4096K)
 Metaspace       used 113343K, capacity 116418K, committed 116476K, reserved 1150976K
  class space    used 14324K, capacity 15452K, committed 15456K, reserved 1048576K
}
Event: 193.967 GC heap after
{Heap after GC invocations=37 (full 0):
 garbage-first heap   total 218112K, used 173572K [0x0000000080000000, 0x0000000100000000)
  region size 1024K, 3 young (3072K), 3 survivors (3072K)
 Metaspace       used 113343K, capacity 116418K, committed 116476K, reserved 1150976K
  class space    used 14324K, capacity 15452K, committed 15456K, reserved 1048576K
}
Event: 194.291 GC heap before
{Heap before GC invocations=37 (full 0):
 garbage-first heap   total 218112K, used 183812K [0x0000000080000000, 0x0000000100000000)
  region size 1024K, 14 young (14336K), 3 survivors (3072K)
 Metaspace       used 115065K, capacity 118248K, committed 118524K, reserved 1153024K
  class space    used 14750K, capacity 15919K, committed 15968K, reserved 1048576K
}
Event: 194.320 GC heap after
{Heap after GC invocations=38 (full 0):
 garbage-first heap   total 218112K, used 176509K [0x0000000080000000, 0x0000000100000000)
  region size 1024K, 2 young (2048K), 2 survivors (2048K)
 Metaspace       used 115065K, capacity 118248K, committed 118524K, reserved 1153024K
  class space    used 14750K, capacity 15919K, committed 15968K, reserved 1048576K
}
Event: 194.685 GC heap before
{Heap before GC invocations=39 (full 0):
 garbage-first heap   total 218112K, used 185725K [0x0000000080000000, 0x0000000100000000)
  region size 1024K, 12 young (12288K), 2 survivors (2048K)
 Metaspace       used 115625K, capacity 118806K, committed 119164K, reserved 1153024K
  class space    used 14791K, capacity 15973K, committed 16096K, reserved 1048576K
}
Event: 194.710 GC heap after
{Heap after GC invocations=40 (full 0):
 garbage-first heap   total 218112K, used 181723K [0x0000000080000000, 0x0000000100000000)
  region size 1024K, 2 young (2048K), 2 survivors (2048K)
 Metaspace       used 115625K, capacity 118806K, committed 119164K, reserved 1153024K
  class space    used 14791K, capacity 15973K, committed 16096K, reserved 1048576K
}
Event: 194.813 GC heap before
{Heap before GC invocations=40 (full 0):
 garbage-first heap   total 218112K, used 189915K [0x0000000080000000, 0x0000000100000000)
  region size 1024K, 10 young (10240K), 2 survivors (2048K)
 Metaspace       used 115647K, capacity 118809K, committed 119164K, reserved 1153024K
  class space    used 14791K, capacity 15973K, committed 16096K, reserved 1048576K
}
Event: 194.835 GC heap after
{Heap after GC invocations=41 (full 0):
 garbage-first heap   total 218112K, used 184555K [0x0000000080000000, 0x0000000100000000)
  region size 1024K, 2 young (2048K), 2 survivors (2048K)
 Metaspace       used 115647K, capacity 118809K, committed 119164K, reserved 1153024K
  class space    used 14791K, capacity 15973K, committed 16096K, reserved 1048576K
}
Event: 194.925 GC heap before
{Heap before GC invocations=41 (full 0):
 garbage-first heap   total 218112K, used 191722K [0x0000000080000000, 0x0000000100000000)
  region size 1024K, 10 young (10240K), 2 survivors (2048K)
 Metaspace       used 115660K, capacity 118809K, committed 119164K, reserved 1153024K
  class space    used 14791K, capacity 15973K, committed 16096K, reserved 1048576K
}
Event: 194.952 GC heap after
{Heap after GC invocations=42 (full 0):
 garbage-first heap   total 218112K, used 189202K [0x0000000080000000, 0x0000000100000000)
  region size 1024K, 2 young (2048K), 2 survivors (2048K)
 Metaspace       used 115660K, capacity 118809K, committed 119164K, reserved 1153024K
  class space    used 14791K, capacity 15973K, committed 16096K, reserved 1048576K
}
Event: 195.352 GC heap before
{Heap before GC invocations=42 (full 0):
 garbage-first heap   total 218112K, used 197394K [0x0000000080000000, 0x0000000100000000)
  region size 1024K, 10 young (10240K), 2 survivors (2048K)
 Metaspace       used 115706K, capacity 118875K, committed 119164K, reserved 1153024K
  class space    used 14791K, capacity 15973K, committed 16096K, reserved 1048576K
}
Event: 195.366 GC heap after
{Heap after GC invocations=43 (full 0):
 garbage-first heap   total 218112K, used 193977K [0x0000000080000000, 0x0000000100000000)
  region size 1024K, 2 young (2048K), 2 survivors (2048K)
 Metaspace       used 115706K, capacity 118875K, committed 119164K, reserved 1153024K
  class space    used 14791K, capacity 15973K, committed 16096K, reserved 1048576K
}
Event: 195.550 GC heap before
{Heap before GC invocations=43 (full 0):
 garbage-first heap   total 218112K, used 202169K [0x0000000080000000, 0x0000000100000000)
  region size 1024K, 10 young (10240K), 2 survivors (2048K)
 Metaspace       used 115715K, capacity 118875K, committed 119164K, reserved 1153024K
  class space    used 14791K, capacity 15973K, committed 16096K, reserved 1048576K
}
Event: 195.563 GC heap after
{Heap after GC invocations=44 (full 0):
 garbage-first heap   total 218112K, used 198483K [0x0000000080000000, 0x0000000100000000)
  region size 1024K, 2 young (2048K), 2 survivors (2048K)
 Metaspace       used 115715K, capacity 118875K, committed 119164K, reserved 1153024K
  class space    used 14791K, capacity 15973K, committed 16096K, reserved 1048576K
}
Event: 195.720 GC heap before
{Heap before GC invocations=44 (full 0):
 garbage-first heap   total 218112K, used 206675K [0x0000000080000000, 0x0000000100000000)
  region size 1024K, 10 young (10240K), 2 survivors (2048K)
 Metaspace       used 115686K, capacity 118825K, committed 119164K, reserved 1153024K
  class space    used 14780K, capacity 15953K, committed 16096K, reserved 1048576K
}
Event: 195.740 GC heap after
{Heap after GC invocations=45 (full 0):
 garbage-first heap   total 267264K, used 203160K [0x0000000080000000, 0x0000000100000000)
  region size 1024K, 2 young (2048K), 2 survivors (2048K)
 Metaspace       used 115686K, capacity 118825K, committed 119164K, reserved 1153024K
  class space    used 14780K, capacity 15953K, committed 16096K, reserved 1048576K
}
Event: 196.052 GC heap before
{Heap before GC invocations=45 (full 0):
 garbage-first heap   total 267264K, used 217496K [0x0000000080000000, 0x0000000100000000)
  region size 1024K, 16 young (16384K), 2 survivors (2048K)
 Metaspace       used 115691K, capacity 118827K, committed 119164K, reserved 1153024K
  class space    used 14780K, capacity 15953K, committed 16096K, reserved 1048576K
}
Event: 196.080 GC heap after
{Heap after GC invocations=46 (full 0):
 garbage-first heap   total 267264K, used 210762K [0x0000000080000000, 0x0000000100000000)
  region size 1024K, 2 young (2048K), 2 survivors (2048K)
 Metaspace       used 115691K, capacity 118827K, committed 119164K, reserved 1153024K
  class space    used 14780K, capacity 15953K, committed 16096K, reserved 1048576K
}
Event: 196.194 GC heap before
{Heap before GC invocations=47 (full 0):
 garbage-first heap   total 267264K, used 222026K [0x0000000080000000, 0x0000000100000000)
  region size 1024K, 13 young (13312K), 2 survivors (2048K)
 Metaspace       used 115693K, capacity 118827K, committed 119164K, reserved 1153024K
  class space    used 14780K, capacity 15953K, committed 16096K, reserved 1048576K
}

